<?xml version="1.0" encoding="UTF-8"?>
<testng-results ignored="0" total="2" passed="2" failed="0" skipped="0">
  <reporter-output>
  </reporter-output>
  <suite started-at="2021-09-23T17:51:27 IST" name="Suite" finished-at="2021-09-23T17:52:07 IST" duration-ms="40281">
    <groups>
    </groups>
    <test started-at="2021-09-23T17:51:27 IST" name="Test" finished-at="2021-09-23T17:52:07 IST" duration-ms="40281">
      <class name="com.santhosh.MavenTestNG.TestNG002">
        <test-method is-config="true" signature="openBrowser()[pri:0, instance:com.santhosh.MavenTestNG.TestNG002@306f16f3]" started-at="2021-09-23T17:51:27 IST" name="openBrowser" finished-at="2021-09-23T17:51:27 IST" duration-ms="0" status="PASS">
          <reporter-output>
          </reporter-output>
        </test-method> <!-- openBrowser -->
        <test-method signature="TS001()[pri:0, instance:com.santhosh.MavenTestNG.TestNG002@306f16f3]" started-at="2021-09-23T17:51:49 IST" name="TS001" finished-at="2021-09-23T17:52:07 IST" duration-ms="17943" status="PASS">
          <reporter-output>
          </reporter-output>
        </test-method> <!-- TS001 -->
        <test-method is-config="true" signature="CloseBrowser()[pri:0, instance:com.santhosh.MavenTestNG.TestNG002@306f16f3]" started-at="2021-09-23T17:52:07 IST" name="CloseBrowser" finished-at="2021-09-23T17:52:07 IST" duration-ms="1" status="PASS">
          <reporter-output>
          </reporter-output>
        </test-method> <!-- CloseBrowser -->
      </class> <!-- com.santhosh.MavenTestNG.TestNG002 -->
      <class name="com.santhosh.MavenTestNG.TestNG001">
        <test-method is-config="true" signature="openBrowser()[pri:0, instance:com.santhosh.MavenTestNG.TestNG001@4e096385]" started-at="2021-09-23T17:51:27 IST" name="openBrowser" finished-at="2021-09-23T17:51:27 IST" duration-ms="12" status="PASS">
          <reporter-output>
          </reporter-output>
        </test-method> <!-- openBrowser -->
        <test-method signature="TC001()[pri:0, instance:com.santhosh.MavenTestNG.TestNG001@4e096385]" started-at="2021-09-23T17:51:27 IST" name="TC001" finished-at="2021-09-23T17:51:49 IST" duration-ms="22262" status="PASS">
          <reporter-output>
          </reporter-output>
        </test-method> <!-- TC001 -->
        <test-method is-config="true" signature="CloseBrowser()[pri:0, instance:com.santhosh.MavenTestNG.TestNG001@4e096385]" started-at="2021-09-23T17:52:07 IST" name="CloseBrowser" finished-at="2021-09-23T17:52:07 IST" duration-ms="0" status="PASS">
          <reporter-output>
          </reporter-output>
        </test-method> <!-- CloseBrowser -->
      </class> <!-- com.santhosh.MavenTestNG.TestNG001 -->
    </test> <!-- Test -->
  </suite> <!-- Suite -->
</testng-results>
